<?xml version="1.0"?>
<!DOCTYPE coverage SYSTEM "http://cobertura.sourceforge.net/xml/coverage-04.dtd">

<coverage line-rate="0.6385542168674698" branch-rate="0.8181818181818182" lines-covered="106" lines-valid="166" branches-covered="54" branches-valid="66" complexity="1.96875" version="2.1.1" timestamp="1624930410113">
	<sources>
		<source>--source</source>
		<source>D:/eclipse-mars/workspace/meli-mutant-finder/src/main/java</source>
	</sources>
	<packages>
		<package name="com.meli.mutant" line-rate="0.0" branch-rate="1.0" complexity="1.0">
			<classes>
				<class name="com.meli.mutant.StreamLambdaHandler" filename="com/meli/mutant/StreamLambdaHandler.java" line-rate="0.0" branch-rate="1.0" complexity="1.0">
					<methods>
						<method name="&lt;clinit&gt;" signature="()V" line-rate="0.0" branch-rate="1.0" complexity="0">
							<lines>
								<line number="21" hits="0" branch="false"/>
								<line number="22" hits="0" branch="false"/>
								<line number="23" hits="0" branch="false"/>
								<line number="25" hits="0" branch="false"/>
								<line number="26" hits="0" branch="false"/>
								<line number="27" hits="0" branch="false"/>
								<line number="29" hits="0" branch="false"/>
								<line number="30" hits="0" branch="false"/>
							</lines>
						</method>
						<method name="&lt;init&gt;" signature="()V" line-rate="0.0" branch-rate="1.0" complexity="0">
							<lines>
								<line number="15" hits="0" branch="false"/>
							</lines>
						</method>
						<method name="handleRequest" signature="(Ljava/io/InputStream;Ljava/io/OutputStream;Lcom/amazonaws/services/lambda/runtime/Context;)V" line-rate="0.0" branch-rate="1.0" complexity="0">
							<lines>
								<line number="35" hits="0" branch="false"/>
								<line number="36" hits="0" branch="false"/>
							</lines>
						</method>
					</methods>
					<lines>
						<line number="15" hits="0" branch="false"/>
						<line number="21" hits="0" branch="false"/>
						<line number="22" hits="0" branch="false"/>
						<line number="23" hits="0" branch="false"/>
						<line number="25" hits="0" branch="false"/>
						<line number="26" hits="0" branch="false"/>
						<line number="27" hits="0" branch="false"/>
						<line number="29" hits="0" branch="false"/>
						<line number="30" hits="0" branch="false"/>
						<line number="35" hits="0" branch="false"/>
						<line number="36" hits="0" branch="false"/>
					</lines>
				</class>
			</classes>
		</package>
		<package name="com.meli.mutant.config" line-rate="1.0" branch-rate="1.0" complexity="1.0">
			<classes>
				<class name="com.meli.mutant.config.IMutantFinderConfig" filename="com/meli/mutant/config/IMutantFinderConfig.java" line-rate="1.0" branch-rate="1.0" complexity="1.0">
					<methods>
					</methods>
					<lines>
					</lines>
				</class>
			</classes>
		</package>
		<package name="com.meli.mutant.config.imp" line-rate="0.0" branch-rate="0.0" complexity="1.5714285714285714">
			<classes>
				<class name="com.meli.mutant.config.imp.MutantFinderConfig" filename="com/meli/mutant/config/imp/MutantFinderConfig.java" line-rate="0.0" branch-rate="1.0" complexity="1.0">
					<methods>
						<method name="&lt;init&gt;" signature="()V" line-rate="0.0" branch-rate="1.0" complexity="0">
							<lines>
								<line number="23" hits="0" branch="false"/>
							</lines>
						</method>
						<method name="handlerAdapter" signature="()Lorg/springframework/web/servlet/HandlerAdapter;" line-rate="0.0" branch-rate="1.0" complexity="0">
							<lines>
								<line number="49" hits="0" branch="false"/>
							</lines>
						</method>
						<method name="handlerExceptionResolver" signature="()Lorg/springframework/web/servlet/HandlerExceptionResolver;" line-rate="0.0" branch-rate="1.0" complexity="0">
							<lines>
								<line number="63" hits="0" branch="false"/>
							</lines>
						</method>
						<method name="handlerMapping" signature="()Lorg/springframework/web/servlet/HandlerMapping;" line-rate="0.0" branch-rate="1.0" complexity="0">
							<lines>
								<line number="40" hits="0" branch="false"/>
							</lines>
						</method>
						<method name="mutantFinderBean" signature="()Lcom/meli/mutant/service/IMutantFinder;" line-rate="0.0" branch-rate="1.0" complexity="0">
							<lines>
								<line number="27" hits="0" branch="false"/>
								<line number="28" hits="0" branch="false"/>
								<line number="29" hits="0" branch="false"/>
								<line number="31" hits="0" branch="false"/>
							</lines>
						</method>
					</methods>
					<lines>
						<line number="23" hits="0" branch="false"/>
						<line number="27" hits="0" branch="false"/>
						<line number="28" hits="0" branch="false"/>
						<line number="29" hits="0" branch="false"/>
						<line number="31" hits="0" branch="false"/>
						<line number="40" hits="0" branch="false"/>
						<line number="49" hits="0" branch="false"/>
						<line number="63" hits="0" branch="false"/>
					</lines>
				</class>
				<class name="com.meli.mutant.config.imp.MutantFinderConfig$1" filename="com/meli/mutant/config/imp/MutantFinderConfig.java" line-rate="0.0" branch-rate="1.0" complexity="1.0">
					<methods>
						<method name="&lt;init&gt;" signature="(Lcom/meli/mutant/config/imp/MutantFinderConfig;)V" line-rate="0.0" branch-rate="1.0" complexity="0">
							<lines>
								<line number="63" hits="0" branch="false"/>
							</lines>
						</method>
						<method name="resolveException" signature="(Ljavax/servlet/http/HttpServletRequest;Ljavax/servlet/http/HttpServletResponse;Ljava/lang/Object;Ljava/lang/Exception;)Lorg/springframework/web/servlet/ModelAndView;" line-rate="0.0" branch-rate="1.0" complexity="0">
							<lines>
								<line number="68" hits="0" branch="false"/>
							</lines>
						</method>
					</methods>
					<lines>
						<line number="63" hits="0" branch="false"/>
						<line number="68" hits="0" branch="false"/>
					</lines>
				</class>
				<class name="com.meli.mutant.config.imp.MutantFinderController" filename="com/meli/mutant/config/imp/MutantFinderController.java" line-rate="0.0" branch-rate="0.0" complexity="3.0">
					<methods>
						<method name="&lt;init&gt;" signature="()V" line-rate="0.0" branch-rate="1.0" complexity="0">
							<lines>
								<line number="21" hits="0" branch="false"/>
							</lines>
						</method>
						<method name="isMutant" signature="(Lcom/meli/mutant/model/Dna;)Lorg/springframework/http/ResponseEntity;" line-rate="0.0" branch-rate="0.0" complexity="0">
							<lines>
								<line number="29" hits="0" branch="false"/>
								<line number="32" hits="0" branch="false"/>
								<line number="33" hits="0" branch="true" condition-coverage="0% (0/2)">
									<conditions>
										<condition number="0" type="jump" coverage="0%"/>
									</conditions>
								</line>
								<line number="34" hits="0" branch="false"/>
								<line number="35" hits="0" branch="false"/>
								<line number="36" hits="0" branch="false"/>
								<line number="37" hits="0" branch="false"/>
								<line number="38" hits="0" branch="false"/>
							</lines>
						</method>
						<method name="mutantStats" signature="(Ljava/security/Principal;)Lorg/springframework/http/ResponseEntity;" line-rate="0.0" branch-rate="1.0" complexity="0">
							<lines>
								<line number="44" hits="0" branch="false"/>
								<line number="45" hits="0" branch="false"/>
								<line number="46" hits="0" branch="false"/>
								<line number="47" hits="0" branch="false"/>
								<line number="49" hits="0" branch="false"/>
							</lines>
						</method>
					</methods>
					<lines>
						<line number="21" hits="0" branch="false"/>
						<line number="29" hits="0" branch="false"/>
						<line number="32" hits="0" branch="false"/>
						<line number="33" hits="0" branch="true" condition-coverage="0% (0/2)">
							<conditions>
								<condition number="0" type="jump" coverage="0%"/>
							</conditions>
						</line>
						<line number="34" hits="0" branch="false"/>
						<line number="35" hits="0" branch="false"/>
						<line number="36" hits="0" branch="false"/>
						<line number="37" hits="0" branch="false"/>
						<line number="38" hits="0" branch="false"/>
						<line number="44" hits="0" branch="false"/>
						<line number="45" hits="0" branch="false"/>
						<line number="46" hits="0" branch="false"/>
						<line number="47" hits="0" branch="false"/>
						<line number="49" hits="0" branch="false"/>
					</lines>
				</class>
			</classes>
		</package>
		<package name="com.meli.mutant.exception" line-rate="0.5" branch-rate="1.0" complexity="1.0">
			<classes>
				<class name="com.meli.mutant.exception.MutantFinderException" filename="com/meli/mutant/exception/MutantFinderException.java" line-rate="0.5" branch-rate="1.0" complexity="1.0">
					<methods>
						<method name="&lt;init&gt;" signature="(Ljava/lang/String;)V" line-rate="1.0" branch-rate="1.0" complexity="0">
							<lines>
								<line number="12" hits="3" branch="false"/>
								<line number="13" hits="3" branch="false"/>
								<line number="14" hits="3" branch="false"/>
							</lines>
						</method>
						<method name="getErrorMessage" signature="()Ljava/lang/String;" line-rate="0.0" branch-rate="1.0" complexity="0">
							<lines>
								<line number="17" hits="0" branch="false"/>
							</lines>
						</method>
						<method name="setErrorMessage" signature="(Ljava/lang/String;)V" line-rate="0.0" branch-rate="1.0" complexity="0">
							<lines>
								<line number="21" hits="0" branch="false"/>
								<line number="22" hits="0" branch="false"/>
							</lines>
						</method>
					</methods>
					<lines>
						<line number="12" hits="3" branch="false"/>
						<line number="13" hits="3" branch="false"/>
						<line number="14" hits="3" branch="false"/>
						<line number="17" hits="0" branch="false"/>
						<line number="21" hits="0" branch="false"/>
						<line number="22" hits="0" branch="false"/>
					</lines>
				</class>
			</classes>
		</package>
		<package name="com.meli.mutant.model" line-rate="0.5510204081632653" branch-rate="0.4444444444444444" complexity="2.066666666666667">
			<classes>
				<class name="com.meli.mutant.model.DNAString" filename="com/meli/mutant/model/DNAString.java" line-rate="1.0" branch-rate="1.0" complexity="0.0">
					<methods>
						<method name="&lt;clinit&gt;" signature="()V" line-rate="1.0" branch-rate="1.0" complexity="0">
							<lines>
								<line number="3" hits="9" branch="false"/>
								<line number="4" hits="1" branch="false"/>
							</lines>
						</method>
						<method name="&lt;init&gt;" signature="(Ljava/lang/String;I)V" line-rate="1.0" branch-rate="1.0" complexity="0">
							<lines>
							</lines>
						</method>
						<method name="valueOf" signature="(Ljava/lang/String;)Lcom/meli/mutant/model/DNAString;" line-rate="1.0" branch-rate="1.0" complexity="0">
							<lines>
							</lines>
						</method>
						<method name="values" signature="()[Lcom/meli/mutant/model/DNAString;" line-rate="1.0" branch-rate="1.0" complexity="0">
							<lines>
							</lines>
						</method>
					</methods>
					<lines>
						<line number="3" hits="9" branch="false"/>
						<line number="4" hits="1" branch="false"/>
					</lines>
				</class>
				<class name="com.meli.mutant.model.Dna" filename="com/meli/mutant/model/Dna.java" line-rate="0.0" branch-rate="1.0" complexity="1.0">
					<methods>
						<method name="&lt;init&gt;" signature="()V" line-rate="0.0" branch-rate="1.0" complexity="0">
							<lines>
								<line number="5" hits="0" branch="false"/>
							</lines>
						</method>
						<method name="getDna" signature="()Ljava/util/List;" line-rate="0.0" branch-rate="1.0" complexity="0">
							<lines>
								<line number="10" hits="0" branch="false"/>
							</lines>
						</method>
						<method name="setDna" signature="(Ljava/util/List;)V" line-rate="0.0" branch-rate="1.0" complexity="0">
							<lines>
								<line number="14" hits="0" branch="false"/>
								<line number="15" hits="0" branch="false"/>
							</lines>
						</method>
					</methods>
					<lines>
						<line number="5" hits="0" branch="false"/>
						<line number="10" hits="0" branch="false"/>
						<line number="14" hits="0" branch="false"/>
						<line number="15" hits="0" branch="false"/>
					</lines>
				</class>
				<class name="com.meli.mutant.model.Node" filename="com/meli/mutant/model/Node.java" line-rate="0.7575757575757576" branch-rate="0.4444444444444444" complexity="3.2857142857142856">
					<methods>
						<method name="&lt;init&gt;" signature="(IILjava/lang/String;I)V" line-rate="1.0" branch-rate="1.0" complexity="0">
							<lines>
								<line number="10" hits="1471" branch="false"/>
								<line number="11" hits="1471" branch="false"/>
								<line number="12" hits="1471" branch="false"/>
								<line number="13" hits="1471" branch="false"/>
								<line number="14" hits="1471" branch="false"/>
								<line number="15" hits="1471" branch="false"/>
							</lines>
						</method>
						<method name="equals" signature="(Ljava/lang/Object;)Z" line-rate="0.5294117647058824" branch-rate="0.4375" complexity="0">
							<lines>
								<line number="45" hits="1358" branch="true" condition-coverage="50% (1/2)">
									<conditions>
										<condition number="0" type="jump" coverage="50%"/>
									</conditions>
								</line>
								<line number="46" hits="0" branch="false"/>
								<line number="47" hits="1358" branch="true" condition-coverage="50% (1/2)">
									<conditions>
										<condition number="0" type="jump" coverage="50%"/>
									</conditions>
								</line>
								<line number="48" hits="0" branch="false"/>
								<line number="49" hits="1358" branch="true" condition-coverage="50% (1/2)">
									<conditions>
										<condition number="0" type="jump" coverage="50%"/>
									</conditions>
								</line>
								<line number="50" hits="0" branch="false"/>
								<line number="51" hits="1358" branch="false"/>
								<line number="52" hits="1358" branch="true" condition-coverage="50% (1/2)">
									<conditions>
										<condition number="0" type="jump" coverage="50%"/>
									</conditions>
								</line>
								<line number="53" hits="0" branch="false"/>
								<line number="54" hits="1358" branch="true" condition-coverage="50% (1/2)">
									<conditions>
										<condition number="0" type="jump" coverage="50%"/>
									</conditions>
								</line>
								<line number="55" hits="0" branch="false"/>
								<line number="56" hits="1358" branch="true" condition-coverage="50% (1/2)">
									<conditions>
										<condition number="0" type="jump" coverage="50%"/>
									</conditions>
								</line>
								<line number="57" hits="0" branch="true" condition-coverage="0% (0/2)">
									<conditions>
										<condition number="0" type="jump" coverage="0%"/>
									</conditions>
								</line>
								<line number="58" hits="0" branch="false"/>
								<line number="59" hits="1358" branch="true" condition-coverage="50% (1/2)">
									<conditions>
										<condition number="0" type="jump" coverage="50%"/>
									</conditions>
								</line>
								<line number="60" hits="0" branch="false"/>
								<line number="61" hits="1358" branch="false"/>
							</lines>
						</method>
						<method name="getCol" signature="()I" line-rate="1.0" branch-rate="1.0" complexity="0">
							<lines>
								<line number="22" hits="1830" branch="false"/>
							</lines>
						</method>
						<method name="getLocation" signature="()I" line-rate="1.0" branch-rate="1.0" complexity="0">
							<lines>
								<line number="30" hits="149" branch="false"/>
							</lines>
						</method>
						<method name="getRow" signature="()I" line-rate="1.0" branch-rate="1.0" complexity="0">
							<lines>
								<line number="18" hits="1830" branch="false"/>
							</lines>
						</method>
						<method name="getValue" signature="()Ljava/lang/String;" line-rate="1.0" branch-rate="1.0" complexity="0">
							<lines>
								<line number="26" hits="522" branch="false"/>
							</lines>
						</method>
						<method name="hashCode" signature="()I" line-rate="1.0" branch-rate="0.5" complexity="0">
							<lines>
								<line number="35" hits="1722" branch="false"/>
								<line number="36" hits="1722" branch="false"/>
								<line number="37" hits="1722" branch="false"/>
								<line number="38" hits="1722" branch="false"/>
								<line number="39" hits="1722" branch="true" condition-coverage="50% (1/2)">
									<conditions>
										<condition number="0" type="jump" coverage="50%"/>
									</conditions>
								</line>
								<line number="40" hits="1722" branch="false"/>
							</lines>
						</method>
					</methods>
					<lines>
						<line number="10" hits="1471" branch="false"/>
						<line number="11" hits="1471" branch="false"/>
						<line number="12" hits="1471" branch="false"/>
						<line number="13" hits="1471" branch="false"/>
						<line number="14" hits="1471" branch="false"/>
						<line number="15" hits="1471" branch="false"/>
						<line number="18" hits="1830" branch="false"/>
						<line number="22" hits="1830" branch="false"/>
						<line number="26" hits="522" branch="false"/>
						<line number="30" hits="149" branch="false"/>
						<line number="35" hits="1722" branch="false"/>
						<line number="36" hits="1722" branch="false"/>
						<line number="37" hits="1722" branch="false"/>
						<line number="38" hits="1722" branch="false"/>
						<line number="39" hits="1722" branch="true" condition-coverage="50% (1/2)">
							<conditions>
								<condition number="0" type="jump" coverage="50%"/>
							</conditions>
						</line>
						<line number="40" hits="1722" branch="false"/>
						<line number="45" hits="1358" branch="true" condition-coverage="50% (1/2)">
							<conditions>
								<condition number="0" type="jump" coverage="50%"/>
							</conditions>
						</line>
						<line number="46" hits="0" branch="false"/>
						<line number="47" hits="1358" branch="true" condition-coverage="50% (1/2)">
							<conditions>
								<condition number="0" type="jump" coverage="50%"/>
							</conditions>
						</line>
						<line number="48" hits="0" branch="false"/>
						<line number="49" hits="1358" branch="true" condition-coverage="50% (1/2)">
							<conditions>
								<condition number="0" type="jump" coverage="50%"/>
							</conditions>
						</line>
						<line number="50" hits="0" branch="false"/>
						<line number="51" hits="1358" branch="false"/>
						<line number="52" hits="1358" branch="true" condition-coverage="50% (1/2)">
							<conditions>
								<condition number="0" type="jump" coverage="50%"/>
							</conditions>
						</line>
						<line number="53" hits="0" branch="false"/>
						<line number="54" hits="1358" branch="true" condition-coverage="50% (1/2)">
							<conditions>
								<condition number="0" type="jump" coverage="50%"/>
							</conditions>
						</line>
						<line number="55" hits="0" branch="false"/>
						<line number="56" hits="1358" branch="true" condition-coverage="50% (1/2)">
							<conditions>
								<condition number="0" type="jump" coverage="50%"/>
							</conditions>
						</line>
						<line number="57" hits="0" branch="true" condition-coverage="0% (0/2)">
							<conditions>
								<condition number="0" type="jump" coverage="0%"/>
							</conditions>
						</line>
						<line number="58" hits="0" branch="false"/>
						<line number="59" hits="1358" branch="true" condition-coverage="50% (1/2)">
							<conditions>
								<condition number="0" type="jump" coverage="50%"/>
							</conditions>
						</line>
						<line number="60" hits="0" branch="false"/>
						<line number="61" hits="1358" branch="false"/>
					</lines>
				</class>
				<class name="com.meli.mutant.model.Stats" filename="com/meli/mutant/model/Stats.java" line-rate="0.0" branch-rate="1.0" complexity="1.0">
					<methods>
						<method name="&lt;init&gt;" signature="()V" line-rate="0.0" branch-rate="1.0" complexity="0">
							<lines>
								<line number="3" hits="0" branch="false"/>
							</lines>
						</method>
						<method name="getCount_human_dna" signature="()F" line-rate="0.0" branch-rate="1.0" complexity="0">
							<lines>
								<line number="18" hits="0" branch="false"/>
							</lines>
						</method>
						<method name="getCount_mutant_dna" signature="()F" line-rate="0.0" branch-rate="1.0" complexity="0">
							<lines>
								<line number="10" hits="0" branch="false"/>
							</lines>
						</method>
						<method name="getRatio" signature="()F" line-rate="0.0" branch-rate="1.0" complexity="0">
							<lines>
								<line number="26" hits="0" branch="false"/>
							</lines>
						</method>
						<method name="setCount_human_dna" signature="(F)V" line-rate="0.0" branch-rate="1.0" complexity="0">
							<lines>
								<line number="22" hits="0" branch="false"/>
								<line number="23" hits="0" branch="false"/>
							</lines>
						</method>
						<method name="setCount_mutant_dna" signature="(F)V" line-rate="0.0" branch-rate="1.0" complexity="0">
							<lines>
								<line number="14" hits="0" branch="false"/>
								<line number="15" hits="0" branch="false"/>
							</lines>
						</method>
						<method name="setRatio" signature="(F)V" line-rate="0.0" branch-rate="1.0" complexity="0">
							<lines>
								<line number="30" hits="0" branch="false"/>
								<line number="31" hits="0" branch="false"/>
							</lines>
						</method>
					</methods>
					<lines>
						<line number="3" hits="0" branch="false"/>
						<line number="10" hits="0" branch="false"/>
						<line number="14" hits="0" branch="false"/>
						<line number="15" hits="0" branch="false"/>
						<line number="18" hits="0" branch="false"/>
						<line number="22" hits="0" branch="false"/>
						<line number="23" hits="0" branch="false"/>
						<line number="26" hits="0" branch="false"/>
						<line number="30" hits="0" branch="false"/>
						<line number="31" hits="0" branch="false"/>
					</lines>
				</class>
			</classes>
		</package>
		<package name="com.meli.mutant.service" line-rate="1.0" branch-rate="1.0" complexity="1.0">
			<classes>
				<class name="com.meli.mutant.service.IMutantFinder" filename="com/meli/mutant/service/IMutantFinder.java" line-rate="1.0" branch-rate="1.0" complexity="1.0">
					<methods>
					</methods>
					<lines>
					</lines>
				</class>
			</classes>
		</package>
		<package name="com.meli.mutant.service.imp" line-rate="1.0" branch-rate="1.0" complexity="0.0">
			<classes>
				<class name="com.meli.mutant.service.imp.MutantFinder" filename="com/meli/mutant/service/imp/MutantFinder.java" line-rate="1.0" branch-rate="1.0" complexity="0.0">
					<methods>
						<method name="&lt;init&gt;" signature="()V" line-rate="1.0" branch-rate="1.0" complexity="0">
							<lines>
								<line number="16" hits="6" branch="false"/>
							</lines>
						</method>
						<method name="getDnaSequences" signature="([[Ljava/lang/String;)I" line-rate="1.0" branch-rate="1.0" complexity="0">
							<lines>
								<line number="71" hits="2" branch="false"/>
								<line number="73" hits="2" branch="false"/>
								<line number="76" hits="2" branch="false"/>
								<line number="79" hits="2" branch="false"/>
								<line number="80" hits="2" branch="false"/>
								<line number="83" hits="224" branch="true" condition-coverage="100% (2/2)">
									<conditions>
										<condition number="0" type="jump" coverage="100%"/>
									</conditions>
								</line>
								<line number="85" hits="222" branch="false"/>
								<line number="87" hits="222" branch="true" condition-coverage="100% (2/2)">
									<conditions>
										<condition number="0" type="jump" coverage="100%"/>
									</conditions>
								</line>
								<line number="88" hits="72" branch="false"/>
								<line number="92" hits="222" branch="true" condition-coverage="100% (2/2)">
									<conditions>
										<condition number="0" type="jump" coverage="100%"/>
									</conditions>
								</line>
								<line number="95" hits="1428" branch="true" condition-coverage="100% (2/2)">
									<conditions>
										<condition number="0" type="jump" coverage="100%"/>
									</conditions>
								</line>
								<line number="96" hits="220" branch="false"/>
								<line number="99" hits="220" branch="true" condition-coverage="100% (2/2)">
									<conditions>
										<condition number="0" type="jump" coverage="100%"/>
									</conditions>
								</line>
								<line number="100" hits="39" branch="false"/>
								<line number="101" hits="39" branch="true" condition-coverage="100% (2/2)">
									<conditions>
										<condition number="0" type="jump" coverage="100%"/>
									</conditions>
								</line>
								<line number="102" hits="5" branch="false"/>
								<line number="106" hits="1428" branch="false"/>
								<line number="107" hits="222" branch="false"/>
								<line number="108" hits="2" branch="false"/>
							</lines>
						</method>
						<method name="isMutant" signature="([Ljava/lang/String;)Z" line-rate="1.0" branch-rate="1.0" complexity="0">
							<lines>
								<line number="22" hits="6" branch="true" condition-coverage="100% (2/2)">
									<conditions>
										<condition number="0" type="jump" coverage="100%"/>
									</conditions>
								</line>
								<line number="23" hits="1" branch="false"/>
								<line number="25" hits="2" branch="false"/>
								<line number="27" hits="2" branch="true" condition-coverage="100% (2/2)">
									<conditions>
										<condition number="0" type="jump" coverage="100%"/>
									</conditions>
								</line>
								<line number="28" hits="1" branch="false"/>
								<line number="30" hits="1" branch="false"/>
							</lines>
						</method>
						<method name="lambda$validateDnaString$0" signature="(Lcom/meli/mutant/model/DNAString;)Ljava/lang/String;" line-rate="1.0" branch-rate="1.0" complexity="0">
							<lines>
								<line number="49" hits="20" branch="false"/>
							</lines>
						</method>
						<method name="setMatrixUtil" signature="(Lcom/meli/mutant/util/MatrixUtil;)V" line-rate="1.0" branch-rate="1.0" complexity="0">
							<lines>
								<line number="139" hits="18" branch="false"/>
								<line number="140" hits="18" branch="false"/>
							</lines>
						</method>
						<method name="validateDnaString" signature="([Ljava/lang/String;)Z" line-rate="1.0" branch-rate="1.0" complexity="0">
							<lines>
								<line number="41" hits="6" branch="true" condition-coverage="100% (2/2)">
									<conditions>
										<condition number="0" type="jump" coverage="100%"/>
									</conditions>
								</line>
								<line number="42" hits="1" branch="false"/>
								<line number="44" hits="5" branch="false"/>
								<line number="46" hits="5" branch="true" condition-coverage="100% (2/2)">
									<conditions>
										<condition number="0" type="jump" coverage="100%"/>
									</conditions>
								</line>
								<line number="47" hits="1" branch="false"/>
								<line number="52" hits="21" branch="true" condition-coverage="100% (2/2)">
									<conditions>
										<condition number="0" type="jump" coverage="100%"/>
									</conditions>
								</line>
								<line number="53" hits="19" branch="true" condition-coverage="100% (2/2)">
									<conditions>
										<condition number="0" type="jump" coverage="100%"/>
									</conditions>
								</line>
								<line number="54" hits="1" branch="false"/>
								<line number="56" hits="18" branch="true" condition-coverage="100% (2/2)">
									<conditions>
										<condition number="0" type="jump" coverage="100%"/>
									</conditions>
								</line>
								<line number="57" hits="1" branch="false"/>
								<line number="60" hits="2" branch="false"/>
							</lines>
						</method>
						<method name="validateStringLength" signature="(Lcom/meli/mutant/model/Node;[[Ljava/lang/String;)I" line-rate="1.0" branch-rate="1.0" complexity="0">
							<lines>
								<line number="120" hits="39" branch="false"/>
								<line number="121" hits="39" branch="false"/>
								<line number="124" hits="54" branch="false"/>
								<line number="125" hits="54" branch="true" condition-coverage="100% (2/2)">
									<conditions>
										<condition number="0" type="jump" coverage="100%"/>
									</conditions>
								</line>
								<line number="126" hits="13" branch="false"/>
								<line number="128" hits="41" branch="true" condition-coverage="100% (2/2)">
									<conditions>
										<condition number="0" type="jump" coverage="100%"/>
									</conditions>
								</line>
								<line number="129" hits="26" branch="false"/>
								<line number="131" hits="15" branch="false"/>
								<line number="132" hits="15" branch="false"/>
								<line number="134" hits="15" branch="false"/>
								<line number="135" hits="39" branch="false"/>
							</lines>
						</method>
					</methods>
					<lines>
						<line number="16" hits="6" branch="false"/>
						<line number="22" hits="6" branch="true" condition-coverage="100% (2/2)">
							<conditions>
								<condition number="0" type="jump" coverage="100%"/>
							</conditions>
						</line>
						<line number="23" hits="1" branch="false"/>
						<line number="25" hits="2" branch="false"/>
						<line number="27" hits="2" branch="true" condition-coverage="100% (2/2)">
							<conditions>
								<condition number="0" type="jump" coverage="100%"/>
							</conditions>
						</line>
						<line number="28" hits="1" branch="false"/>
						<line number="30" hits="1" branch="false"/>
						<line number="41" hits="6" branch="true" condition-coverage="100% (2/2)">
							<conditions>
								<condition number="0" type="jump" coverage="100%"/>
							</conditions>
						</line>
						<line number="42" hits="1" branch="false"/>
						<line number="44" hits="5" branch="false"/>
						<line number="46" hits="5" branch="true" condition-coverage="100% (2/2)">
							<conditions>
								<condition number="0" type="jump" coverage="100%"/>
							</conditions>
						</line>
						<line number="47" hits="1" branch="false"/>
						<line number="49" hits="20" branch="false"/>
						<line number="52" hits="21" branch="true" condition-coverage="100% (2/2)">
							<conditions>
								<condition number="0" type="jump" coverage="100%"/>
							</conditions>
						</line>
						<line number="53" hits="19" branch="true" condition-coverage="100% (2/2)">
							<conditions>
								<condition number="0" type="jump" coverage="100%"/>
							</conditions>
						</line>
						<line number="54" hits="1" branch="false"/>
						<line number="56" hits="18" branch="true" condition-coverage="100% (2/2)">
							<conditions>
								<condition number="0" type="jump" coverage="100%"/>
							</conditions>
						</line>
						<line number="57" hits="1" branch="false"/>
						<line number="60" hits="2" branch="false"/>
						<line number="71" hits="2" branch="false"/>
						<line number="73" hits="2" branch="false"/>
						<line number="76" hits="2" branch="false"/>
						<line number="79" hits="2" branch="false"/>
						<line number="80" hits="2" branch="false"/>
						<line number="83" hits="224" branch="true" condition-coverage="100% (2/2)">
							<conditions>
								<condition number="0" type="jump" coverage="100%"/>
							</conditions>
						</line>
						<line number="85" hits="222" branch="false"/>
						<line number="87" hits="222" branch="true" condition-coverage="100% (2/2)">
							<conditions>
								<condition number="0" type="jump" coverage="100%"/>
							</conditions>
						</line>
						<line number="88" hits="72" branch="false"/>
						<line number="92" hits="222" branch="true" condition-coverage="100% (2/2)">
							<conditions>
								<condition number="0" type="jump" coverage="100%"/>
							</conditions>
						</line>
						<line number="95" hits="1428" branch="true" condition-coverage="100% (2/2)">
							<conditions>
								<condition number="0" type="jump" coverage="100%"/>
							</conditions>
						</line>
						<line number="96" hits="220" branch="false"/>
						<line number="99" hits="220" branch="true" condition-coverage="100% (2/2)">
							<conditions>
								<condition number="0" type="jump" coverage="100%"/>
							</conditions>
						</line>
						<line number="100" hits="39" branch="false"/>
						<line number="101" hits="39" branch="true" condition-coverage="100% (2/2)">
							<conditions>
								<condition number="0" type="jump" coverage="100%"/>
							</conditions>
						</line>
						<line number="102" hits="5" branch="false"/>
						<line number="106" hits="1428" branch="false"/>
						<line number="107" hits="222" branch="false"/>
						<line number="108" hits="2" branch="false"/>
						<line number="120" hits="39" branch="false"/>
						<line number="121" hits="39" branch="false"/>
						<line number="124" hits="54" branch="false"/>
						<line number="125" hits="54" branch="true" condition-coverage="100% (2/2)">
							<conditions>
								<condition number="0" type="jump" coverage="100%"/>
							</conditions>
						</line>
						<line number="126" hits="13" branch="false"/>
						<line number="128" hits="41" branch="true" condition-coverage="100% (2/2)">
							<conditions>
								<condition number="0" type="jump" coverage="100%"/>
							</conditions>
						</line>
						<line number="129" hits="26" branch="false"/>
						<line number="131" hits="15" branch="false"/>
						<line number="132" hits="15" branch="false"/>
						<line number="134" hits="15" branch="false"/>
						<line number="135" hits="39" branch="false"/>
						<line number="139" hits="18" branch="false"/>
						<line number="140" hits="18" branch="false"/>
					</lines>
				</class>
			</classes>
		</package>
		<package name="com.meli.mutant.util" line-rate="1.0" branch-rate="1.0" complexity="3.75">
			<classes>
				<class name="com.meli.mutant.util.MatrixUtil" filename="com/meli/mutant/util/MatrixUtil.java" line-rate="1.0" branch-rate="1.0" complexity="3.75">
					<methods>
						<method name="&lt;init&gt;" signature="()V" line-rate="1.0" branch-rate="1.0" complexity="0">
							<lines>
								<line number="8" hits="6" branch="false"/>
								<line number="11" hits="6" branch="false"/>
								<line number="12" hits="6" branch="false"/>
							</lines>
						</method>
						<method name="createMatrixFromStringArray" signature="([Ljava/lang/String;)[[Ljava/lang/String;" line-rate="1.0" branch-rate="1.0" complexity="0">
							<lines>
								<line number="16" hits="2" branch="false"/>
								<line number="18" hits="14" branch="true" condition-coverage="100% (2/2)">
									<conditions>
										<condition number="0" type="jump" coverage="100%"/>
									</conditions>
								</line>
								<line number="19" hits="12" branch="false"/>
								<line number="22" hits="2" branch="false"/>
							</lines>
						</method>
						<method name="getAdjacentNodes" signature="(Lcom/meli/mutant/model/Node;[[Ljava/lang/String;)Ljava/util/List;" line-rate="1.0" branch-rate="1.0" complexity="0">
							<lines>
								<line number="27" hits="222" branch="false"/>
								<line number="29" hits="1998" branch="true" condition-coverage="100% (2/2)">
									<conditions>
										<condition number="0" type="jump" coverage="100%"/>
									</conditions>
								</line>
								<line number="30" hits="1776" branch="false"/>
								<line number="31" hits="1776" branch="false"/>
								<line number="33" hits="1776" branch="true" condition-coverage="100% (2/2)">
									<conditions>
										<condition number="0" type="jump" coverage="100%"/>
									</conditions>
								</line>
								<line number="34" hits="348" branch="false"/>
								<line number="36" hits="1428" branch="false"/>
								<line number="39" hits="222" branch="false"/>
							</lines>
						</method>
						<method name="getNextNodeInLocation" signature="(Lcom/meli/mutant/model/Node;[[Ljava/lang/String;)Lcom/meli/mutant/model/Node;" line-rate="1.0" branch-rate="1.0" complexity="0">
							<lines>
								<line number="44" hits="54" branch="false"/>
								<line number="45" hits="54" branch="false"/>
								<line number="47" hits="54" branch="true" condition-coverage="100% (2/2)">
									<conditions>
										<condition number="0" type="jump" coverage="100%"/>
									</conditions>
								</line>
								<line number="48" hits="13" branch="false"/>
								<line number="50" hits="41" branch="false"/>
							</lines>
						</method>
						<method name="isValid" signature="(III)Z" line-rate="1.0" branch-rate="1.0" complexity="0">
							<lines>
								<line number="55" hits="1830" branch="true" condition-coverage="100% (4/4)">
									<conditions>
										<condition number="0" type="jump" coverage="100%"/>
										<condition number="1" type="jump" coverage="100%"/>
									</conditions>
								</line>
								<line number="56" hits="177" branch="false"/>
								<line number="58" hits="1653" branch="true" condition-coverage="100% (4/4)">
									<conditions>
										<condition number="0" type="jump" coverage="100%"/>
										<condition number="1" type="jump" coverage="100%"/>
									</conditions>
								</line>
								<line number="59" hits="184" branch="false"/>
								<line number="61" hits="1469" branch="false"/>
							</lines>
						</method>
					</methods>
					<lines>
						<line number="8" hits="6" branch="false"/>
						<line number="11" hits="6" branch="false"/>
						<line number="12" hits="6" branch="false"/>
						<line number="16" hits="2" branch="false"/>
						<line number="18" hits="14" branch="true" condition-coverage="100% (2/2)">
							<conditions>
								<condition number="0" type="jump" coverage="100%"/>
							</conditions>
						</line>
						<line number="19" hits="12" branch="false"/>
						<line number="22" hits="2" branch="false"/>
						<line number="27" hits="222" branch="false"/>
						<line number="29" hits="1998" branch="true" condition-coverage="100% (2/2)">
							<conditions>
								<condition number="0" type="jump" coverage="100%"/>
							</conditions>
						</line>
						<line number="30" hits="1776" branch="false"/>
						<line number="31" hits="1776" branch="false"/>
						<line number="33" hits="1776" branch="true" condition-coverage="100% (2/2)">
							<conditions>
								<condition number="0" type="jump" coverage="100%"/>
							</conditions>
						</line>
						<line number="34" hits="348" branch="false"/>
						<line number="36" hits="1428" branch="false"/>
						<line number="39" hits="222" branch="false"/>
						<line number="44" hits="54" branch="false"/>
						<line number="45" hits="54" branch="false"/>
						<line number="47" hits="54" branch="true" condition-coverage="100% (2/2)">
							<conditions>
								<condition number="0" type="jump" coverage="100%"/>
							</conditions>
						</line>
						<line number="48" hits="13" branch="false"/>
						<line number="50" hits="41" branch="false"/>
						<line number="55" hits="1830" branch="true" condition-coverage="100% (4/4)">
							<conditions>
								<condition number="0" type="jump" coverage="100%"/>
								<condition number="1" type="jump" coverage="100%"/>
							</conditions>
						</line>
						<line number="56" hits="177" branch="false"/>
						<line number="58" hits="1653" branch="true" condition-coverage="100% (4/4)">
							<conditions>
								<condition number="0" type="jump" coverage="100%"/>
								<condition number="1" type="jump" coverage="100%"/>
							</conditions>
						</line>
						<line number="59" hits="184" branch="false"/>
						<line number="61" hits="1469" branch="false"/>
					</lines>
				</class>
			</classes>
		</package>
	</packages>
</coverage>
